<?xml version="1.0" encoding="UTF-8"?>
<!-- Generated by org.testng.reporters.JUnitReportReporter -->
<testsuite hostname="piyushj-ltmgm26.internal.salesforce.com" failures="0" tests="1" name="test.day4" time="0.001" errors="0" timestamp="2024-02-04T19:09:00 IST" skipped="0">
  <testcase classname="test.day4" name="apiLoginHomeLoan" time="0.001"/>
  <system-out/>
</testsuite> <!-- test.day4 -->
