<?xml version="1.0" encoding="UTF-8"?>
<!-- Generated by org.testng.reporters.JUnitReportReporter -->
<testsuite hostname="piyushj-ltmgm26.internal.salesforce.com" failures="0" tests="2" name="test.day1" time="0.003" errors="0" timestamp="2024-02-04T19:09:00 IST" skipped="0">
  <testcase classname="test.day1" name="secondTest" time="0.000"/>
  <system-out/>
  <testcase classname="test.day1" name="demo" time="0.003"/>
  <system-out/>
</testsuite> <!-- test.day1 -->
