<?xml version="1.0" encoding="UTF-8"?>
<!-- Generated by org.testng.reporters.JUnitReportReporter -->
<testsuite hostname="piyushj-ltmgm26.internal.salesforce.com" failures="0" tests="8" name="test.day3" time="0.004" errors="0" timestamp="2024-02-04T19:09:00 IST" skipped="1">
  <testcase classname="test.day3" name="mobileForgotCarLoan" time="0.002"/>
  <system-out/>
  <testcase classname="test.day3" name="webForgotCarLoan" time="0.001"/>
  <system-out/>
  <testcase classname="test.day3" name="webLoginCarLoan" time="0.000"/>
  <system-out/>
  <testcase classname="test.day3" name="mobileLogoutCarLoan" time="0.000"/>
  <system-out/>
  <testcase classname="test.day3" name="webLogoutCarLoan" time="0.001"/>
  <system-out/>
  <testcase classname="test.day3" name="webLogoutCarLoan" time="0.000"/>
  <system-out/>
  <testcase classname="test.day3" name="webLogoutCarLoan" time="0.000"/>
  <system-out/>
  <testcase classname="test.day3" name="apiLoginCarLoan">
    <skipped/>
  </testcase> <!-- apiLoginCarLoan -->
  <system-out/>
</testsuite> <!-- test.day3 -->
